# JRE version: OpenJDK Runtime Environment Temurin-17.0.3+7 (17.0.3+7) (build 17.0.3+7)
# Java VM: OpenJDK 64-Bit Server VM Temurin-17.0.3+7 (17.0.3+7, mixed mode, emulated-client, tiered, compressed oops, compressed class ptrs, g1 gc, windows-amd64)
GC Precious Log:
 CPUs: 4 total, 4 available
 Memory: 8075M
 Large Page Support: Disabled
 NUMA Support: Disabled
 Compressed Oops: Enabled (32-bit)
 Heap Region Size: 1M
 Heap Min Capacity: 8M
 Heap Initial Capacity: 128M
 Heap Max Capacity: 2020M
 Pre-touch: Disabled
 Parallel Workers: 4
 Concurrent Workers: 1
 Concurrent Refinement Workers: 4
 Periodic GC: Disabled
Heap:
 garbage-first heap   total 45056K, used 12750K [0x0000000081c00000, 0x0000000100000000)
  region size 1024K, 1 young (1024K), 0 survivors (0K)
 Metaspace       used 31983K, committed 32384K, reserved 1081344K
  class space    used 4162K, committed 4352K, reserved 1048576K
GC Heap History (20 events):
Event: 78202.096 GC heap before
{Heap before GC invocations=3308 (full 3299):
 garbage-first heap   total 45056K, used 12750K [0x0000000081c00000, 0x0000000100000000)
  region size 1024K, 1 young (1024K), 0 survivors (0K)
 Metaspace       used 31983K, committed 32384K, reserved 1081344K
  class space    used 4162K, committed 4352K, reserved 1048576K
}
Event: 78202.136 GC heap after
{Heap after GC invocations=3309 (full 3300):
 garbage-first heap   total 45056K, used 12750K [0x0000000081c00000, 0x0000000100000000)
  region size 1024K, 0 young (0K), 0 survivors (0K)
 Metaspace       used 31983K, committed 32384K, reserved 1081344K
  class space    used 4162K, committed 4352K, reserved 1048576K
}
Event: 78212.179 GC heap before
{Heap before GC invocations=3309 (full 3300):
 garbage-first heap   total 45056K, used 12750K [0x0000000081c00000, 0x0000000100000000)
  region size 1024K, 1 young (1024K), 0 survivors (0K)
 Metaspace       used 31983K, committed 32384K, reserved 1081344K
  class space    used 4162K, committed 4352K, reserved 1048576K
}
Event: 78212.218 GC heap after
{Heap after GC invocations=3310 (full 3301):
 garbage-first heap   total 45056K, used 12750K [0x0000000081c00000, 0x0000000100000000)
  region size 1024K, 0 young (0K), 0 survivors (0K)
 Metaspace       used 31983K, committed 32384K, reserved 1081344K
  class space    used 4162K, committed 4352K, reserved 1048576K
}
Event: 78222.258 GC heap before
{Heap before GC invocations=3310 (full 3301):
 garbage-first heap   total 45056K, used 12750K [0x0000000081c00000, 0x0000000100000000)
  region size 1024K, 1 young (1024K), 0 survivors (0K)
 Metaspace       used 31983K, committed 32384K, reserved 1081344K
  class space    used 4162K, committed 4352K, reserved 1048576K
}
Event: 78222.298 GC heap after
{Heap after GC invocations=3311 (full 3302):
 garbage-first heap   total 45056K, used 12750K [0x0000000081c00000, 0x0000000100000000)
  region size 1024K, 0 young (0K), 0 survivors (0K)
 Metaspace       used 31983K, committed 32384K, reserved 1081344K
  class space    used 4162K, committed 4352K, reserved 1048576K
}
Event: 78232.316 GC heap before
{Heap before GC invocations=3311 (full 3302):
 garbage-first heap   total 45056K, used 12750K [0x0000000081c00000, 0x0000000100000000)
  region size 1024K, 1 young (1024K), 0 survivors (0K)
 Metaspace       used 31983K, committed 32384K, reserved 1081344K
  class space    used 4162K, committed 4352K, reserved 1048576K
}
Event: 78232.341 GC heap after
{Heap after GC invocations=3312 (full 3303):
 garbage-first heap   total 45056K, used 12750K [0x0000000081c00000, 0x0000000100000000)
  region size 1024K, 0 young (0K), 0 survivors (0K)
 Metaspace       used 31983K, committed 32384K, reserved 1081344K
  class space    used 4162K, committed 4352K, reserved 1048576K
}
Event: 78242.384 GC heap before
{Heap before GC invocations=3312 (full 3303):
 garbage-first heap   total 45056K, used 12750K [0x0000000081c00000, 0x0000000100000000)
  region size 1024K, 1 young (1024K), 0 survivors (0K)
 Metaspace       used 31983K, committed 32384K, reserved 1081344K
  class space    used 4162K, committed 4352K, reserved 1048576K
}
Event: 78242.430 GC heap after
{Heap after GC invocations=3313 (full 3304):
 garbage-first heap   total 45056K, used 12750K [0x0000000081c00000, 0x0000000100000000)
  region size 1024K, 0 young (0K), 0 survivors (0K)
 Metaspace       used 31983K, committed 32384K, reserved 1081344K
  class space    used 4162K, committed 4352K, reserved 1048576K
}
Event: 78252.472 GC heap before
{Heap before GC invocations=3313 (full 3304):
 garbage-first heap   total 45056K, used 12750K [0x0000000081c00000, 0x0000000100000000)
  region size 1024K, 1 young (1024K), 0 survivors (0K)
 Metaspace       used 31983K, committed 32384K, reserved 1081344K
  class space    used 4162K, committed 4352K, reserved 1048576K
}
Event: 78252.509 GC heap after
{Heap after GC invocations=3314 (full 3305):
 garbage-first heap   total 45056K, used 12750K [0x0000000081c00000, 0x0000000100000000)
  region size 1024K, 0 young (0K), 0 survivors (0K)
 Metaspace       used 31983K, committed 32384K, reserved 1081344K
  class space    used 4162K, committed 4352K, reserved 1048576K
}
Event: 78262.527 GC heap before
{Heap before GC invocations=3314 (full 3305):
 garbage-first heap   total 45056K, used 12750K [0x0000000081c00000, 0x0000000100000000)
  region size 1024K, 1 young (1024K), 0 survivors (0K)
 Metaspace       used 31983K, committed 32384K, reserved 1081344K
  class space    used 4162K, committed 4352K, reserved 1048576K
}
Event: 78262.553 GC heap after
{Heap after GC invocations=3315 (full 3306):
 garbage-first heap   total 45056K, used 12750K [0x0000000081c00000, 0x0000000100000000)
  region size 1024K, 0 young (0K), 0 survivors (0K)
 Metaspace       used 31983K, committed 32384K, reserved 1081344K
  class space    used 4162K, committed 4352K, reserved 1048576K
}
Event: 78272.605 GC heap before
{Heap before GC invocations=3315 (full 3306):
 garbage-first heap   total 45056K, used 12750K [0x0000000081c00000, 0x0000000100000000)
  region size 1024K, 1 young (1024K), 0 survivors (0K)
 Metaspace       used 31983K, committed 32384K, reserved 1081344K
  class space    used 4162K, committed 4352K, reserved 1048576K
}
Event: 78272.643 GC heap after
{Heap after GC invocations=3316 (full 3307):
 garbage-first heap   total 45056K, used 12750K [0x0000000081c00000, 0x0000000100000000)
  region size 1024K, 0 young (0K), 0 survivors (0K)
 Metaspace       used 31983K, committed 32384K, reserved 1081344K
  class space    used 4162K, committed 4352K, reserved 1048576K
}
Event: 78282.670 GC heap before
{Heap before GC invocations=3316 (full 3307):
 garbage-first heap   total 45056K, used 12750K [0x0000000081c00000, 0x0000000100000000)
  region size 1024K, 1 young (1024K), 0 survivors (0K)
 Metaspace       used 31983K, committed 32384K, reserved 1081344K
  class space    used 4162K, committed 4352K, reserved 1048576K
}
Event: 78282.695 GC heap after
{Heap after GC invocations=3317 (full 3308):
 garbage-first heap   total 45056K, used 12750K [0x0000000081c00000, 0x0000000100000000)
  region size 1024K, 0 young (0K), 0 survivors (0K)
 Metaspace       used 31983K, committed 32384K, reserved 1081344K
  class space    used 4162K, committed 4352K, reserved 1048576K
}
Event: 78292.737 GC heap before
{Heap before GC invocations=3317 (full 3308):
 garbage-first heap   total 45056K, used 12750K [0x0000000081c00000, 0x0000000100000000)
  region size 1024K, 1 young (1024K), 0 survivors (0K)
 Metaspace       used 31983K, committed 32384K, reserved 1081344K
  class space    used 4162K, committed 4352K, reserved 1048576K
}
Event: 78292.770 GC heap after
{Heap after GC invocations=3318 (full 3309):
 garbage-first heap   total 45056K, used 12750K [0x0000000081c00000, 0x0000000100000000)
  region size 1024K, 0 young (0K), 0 survivors (0K)
 Metaspace       used 31983K, committed 32384K, reserved 1081344K
  class space    used 4162K, committed 4352K, reserved 1048576K
}

